<?xml version="1.0" encoding="UTF-8"?>
<!-- Generated by org.testng.reporters.JUnitXMLReporter -->
<testsuite ignored="0" hostname="DESKTOP-O9G7L1R" failures="2" tests="3" name="Test" time="110.703" errors="0" timestamp="2024-03-27T12:39:45 IST">
  <testcase classname="sharecaar_testcases.SignupDataDrivenTesting" name="Signup" time="30.996">
    <failure type="java.lang.AssertionError" message="expected [true] but found [false]">
      <![CDATA[java.lang.AssertionError: expected [true] but found [false]
at sharecaar_testcases.SignupDataDrivenTesting.Signup(SignupDataDrivenTesting.java:56)
at java.base/java.util.ArrayList.forEach(ArrayList.java:1511)
... Removed 31 stack frames]]>
    </failure>
  </testcase> <!-- Signup -->
  <testcase classname="sharecaar_testcases.SignupDataDrivenTesting" name="Signup" time="31.448">
    <failure type="java.lang.AssertionError" message="expected [true] but found [false]">
      <![CDATA[java.lang.AssertionError: expected [true] but found [false]
at sharecaar_testcases.SignupDataDrivenTesting.Signup(SignupDataDrivenTesting.java:56)
at java.base/java.util.ArrayList.forEach(ArrayList.java:1511)
... Removed 31 stack frames]]>
    </failure>
  </testcase> <!-- Signup -->
  <testcase classname="sharecaar_testcases.SignupDataDrivenTesting" name="Signup" time="32.944"/>
</testsuite> <!-- Test -->
